[35m[1mScanning dependencies of target std_msgs_generate_messages_eus[0m
[35m[1mScanning dependencies of target geometry_msgs_generate_messages_py[0m
[35m[1mScanning dependencies of target std_msgs_generate_messages_nodejs[0m
[35m[1mScanning dependencies of target geometry_msgs_generate_messages_eus[0m
[35m[1mScanning dependencies of target std_msgs_generate_messages_py[0m
[35m[1mScanning dependencies of target geometry_msgs_generate_messages_nodejs[0m
[35m[1mScanning dependencies of target geometry_msgs_generate_messages_cpp[0m
[35m[1mScanning dependencies of target _jaco_fk_generate_messages_check_deps_FKCheck[0m
[  0%] Built target std_msgs_generate_messages_nodejs
[  0%] Built target std_msgs_generate_messages_eus
[  0%] Built target std_msgs_generate_messages_py
[  0%] Built target geometry_msgs_generate_messages_py
[  0%] Built target geometry_msgs_generate_messages_cpp
[  0%] Built target geometry_msgs_generate_messages_nodejs
[  0%] Built target geometry_msgs_generate_messages_eus
[35m[1mScanning dependencies of target std_msgs_generate_messages_lisp[0m
[35m[1mScanning dependencies of target std_msgs_generate_messages_cpp[0m
[35m[1mScanning dependencies of target geometry_msgs_generate_messages_lisp[0m
[  0%] Built target std_msgs_generate_messages_lisp
[  0%] Built target std_msgs_generate_messages_cpp
[  0%] Built target geometry_msgs_generate_messages_lisp
[  0%] Built target _jaco_fk_generate_messages_check_deps_FKCheck
[35m[1mScanning dependencies of target jaco_fk_generate_messages_nodejs[0m
[35m[1mScanning dependencies of target jaco_fk_generate_messages_eus[0m
[35m[1mScanning dependencies of target jaco_fk_generate_messages_lisp[0m
[35m[1mScanning dependencies of target jaco_fk_generate_messages_py[0m
[35m[1mScanning dependencies of target jaco_fk_generate_messages_cpp[0m
[ 14%] [34m[1mGenerating Javascript code from jaco_fk/FKCheck.srv[0m
[ 28%] [34m[1mGenerating Lisp code from jaco_fk/FKCheck.srv[0m
[ 57%] [34m[1mGenerating EusLisp manifest code for jaco_fk[0m
[ 57%] [34m[1mGenerating EusLisp code from jaco_fk/FKCheck.srv[0m
[ 71%] [34m[1mGenerating Python code from SRV jaco_fk/FKCheck[0m
[ 85%] [34m[1mGenerating C++ code from jaco_fk/FKCheck.srv[0m
[ 85%] Built target jaco_fk_generate_messages_lisp
[ 85%] Built target jaco_fk_generate_messages_nodejs
[100%] [34m[1mGenerating Python srv __init__.py for jaco_fk[0m
[100%] Built target jaco_fk_generate_messages_py
[100%] Built target jaco_fk_generate_messages_cpp
[100%] Built target jaco_fk_generate_messages_eus
[35m[1mScanning dependencies of target jaco_fk_generate_messages[0m
[100%] Built target jaco_fk_generate_messages
