Symlinking /home/afayed/kinova-demo/devel/share/jaco_fk/cmake/jaco_fk-msg-extras.cmake
Symlinking /home/afayed/kinova-demo/devel/share/jaco_fk/cmake/jaco_fk-msg-paths.cmake
Symlinking /home/afayed/kinova-demo/devel/share/jaco_fk/cmake/jaco_fkConfig-version.cmake
Symlinking /home/afayed/kinova-demo/devel/share/jaco_fk/cmake/jaco_fkConfig.cmake
Symlinking /home/afayed/kinova-demo/devel/share/gennodejs/ros/jaco_fk/_index.js
Symlinking /home/afayed/kinova-demo/devel/share/gennodejs/ros/jaco_fk/srv/_index.js
Symlinking /home/afayed/kinova-demo/devel/share/gennodejs/ros/jaco_fk/srv/FKCheck.js
Symlinking /home/afayed/kinova-demo/devel/share/common-lisp/ros/jaco_fk/srv/jaco_fk-srv.asd
Symlinking /home/afayed/kinova-demo/devel/share/common-lisp/ros/jaco_fk/srv/_package.lisp
Symlinking /home/afayed/kinova-demo/devel/share/common-lisp/ros/jaco_fk/srv/FKCheck.lisp
Symlinking /home/afayed/kinova-demo/devel/share/common-lisp/ros/jaco_fk/srv/_package_FKCheck.lisp
Symlinking /home/afayed/kinova-demo/devel/share/roseus/ros/jaco_fk/manifest.l
Symlinking /home/afayed/kinova-demo/devel/share/roseus/ros/jaco_fk/srv/FKCheck.l
Symlinking /home/afayed/kinova-demo/devel/lib/pkgconfig/jaco_fk.pc
Symlinking /home/afayed/kinova-demo/devel/lib/python2.7/dist-packages/jaco_fk/__init__.py
Symlinking /home/afayed/kinova-demo/devel/lib/python2.7/dist-packages/jaco_fk/srv/_FKCheck.py
Symlinking /home/afayed/kinova-demo/devel/lib/python2.7/dist-packages/jaco_fk/srv/__init__.py
Symlinking /home/afayed/kinova-demo/devel/include/jaco_fk/FKCheckRequest.h
Symlinking /home/afayed/kinova-demo/devel/include/jaco_fk/FKCheck.h
Symlinking /home/afayed/kinova-demo/devel/include/jaco_fk/FKCheckResponse.h
